<?xml version="1.0" encoding="UTF-8"?>
<!-- Generated by org.testng.reporters.JUnitReportReporter -->
<testsuite hostname="DESKTOP-613NOF9" failures="0" tests="4" name="newCustomer.CxNameField" time="8.843" errors="0" timestamp="2023-03-01T13:01:38 IST" skipped="0">
  <testcase classname="newCustomer.CxNameField" name="TestCase3" time="2.215"/>
  <system-out/>
  <testcase classname="newCustomer.CxNameField" name="TestCase4" time="0.238"/>
  <system-out/>
  <testcase classname="newCustomer.CxNameField" name="TestCase2" time="4.153"/>
  <system-out/>
  <testcase classname="newCustomer.CxNameField" name="TestCase1" time="2.237"/>
  <system-out/>
</testsuite> <!-- newCustomer.CxNameField -->
