<?xml version="1.0" encoding="UTF-8"?>
<!-- Generated by org.testng.reporters.JUnitReportReporter -->
<testsuite hostname="DESKTOP-613NOF9" failures="0" tests="1" name="newCustomer.ChangePwd" time="3.597" errors="0" timestamp="2023-03-05T17:17:22 IST" skipped="0">
  <testcase classname="newCustomer.ChangePwd" name="f" time="3.597"/>
  <system-out/>
</testsuite> <!-- newCustomer.ChangePwd -->
