<?xml version="1.0" encoding="UTF-8"?>
<!-- Generated by org.testng.reporters.JUnitReportReporter -->
<testsuite hostname="DESKTOP-613NOF9" failures="0" tests="8" name="bankingProjectUsingPom.BankingApplication" time="44.185" errors="0" timestamp="2023-03-14T15:57:39 IST" skipped="2">
  <testcase classname="bankingProjectUsingPom.BankingApplication" name="lauchBrowser" time="14.376"/>
  <system-out/>
  <testcase classname="bankingProjectUsingPom.BankingApplication" name="addNewCustomer" time="12.670"/>
  <system-out/>
  <testcase classname="bankingProjectUsingPom.BankingApplication" name="editCustomerDetails" time="8.343"/>
  <system-out/>
  <testcase classname="bankingProjectUsingPom.BankingApplication" name="addNewAccount" time="3.257"/>
  <system-out/>
  <testcase classname="bankingProjectUsingPom.BankingApplication" name="withdrawl" time="2.750"/>
  <system-out/>
  <testcase classname="bankingProjectUsingPom.BankingApplication" name="fundTransfer" time="2.789"/>
  <system-out/>
  <testcase classname="bankingProjectUsingPom.BankingApplication" name="changePassword">
    <skipped/>
  </testcase> <!-- changePassword -->
  <system-out/>
  <testcase classname="bankingProjectUsingPom.BankingApplication" name="loginW">
    <skipped/>
  </testcase> <!-- loginW -->
  <system-out/>
</testsuite> <!-- bankingProjectUsingPom.BankingApplication -->
