<?xml version="1.0" encoding="UTF-8"?>
<!-- Generated by org.testng.reporters.JUnitReportReporter -->
<testsuite hostname="DESKTOP-613NOF9" failures="0" tests="5" name="PageModel.Application" time="60.839" errors="0" timestamp="2023-03-09T11:55:56 IST" skipped="2">
  <testcase classname="PageModel.Application" name="lauchBrowser" time="33.390"/>
  <system-out/>
  <testcase classname="PageModel.Application" name="Login" time="19.400"/>
  <system-out/>
  <testcase classname="PageModel.Application" name="AddNewCustomer" time="8.049"/>
  <system-out/>
  <testcase classname="PageModel.Application" name="getCustomerId">
    <skipped/>
  </testcase> <!-- getCustomerId -->
  <system-out/>
  <testcase classname="PageModel.Application" name="editCustomerDetails">
    <skipped/>
  </testcase> <!-- editCustomerDetails -->
  <system-out/>
</testsuite> <!-- PageModel.Application -->
