<?xml version="1.0" encoding="UTF-8"?>
<!-- Generated by org.testng.reporters.JUnitReportReporter -->
<testsuite hostname="DESKTOP-613NOF9" failures="0" tests="1" name="Practice.FundTransfer$AddNewAcc" time="4.669" errors="0" timestamp="2023-03-13T15:20:12 IST" skipped="0">
  <testcase classname="Practice.FundTransfer$AddNewAcc" name="f" time="4.669"/>
  <system-out/>
</testsuite> <!-- Practice.FundTransfer$AddNewAcc -->
